# JRE version: Java(TM) SE Runtime Environment (8.0_131-b11) (build 1.8.0_131-b11)
# Java VM: Java HotSpot(TM) 64-Bit Server VM (25.131-b11 mixed mode bsd-amd64 compressed oops)
Heap:
 PSYoungGen      total 38400K, used 27133K [0x0000000795580000, 0x0000000798c00000, 0x00000007c0000000)
  eden space 33280K, 66% used [0x0000000795580000,0x0000000796b04008,0x0000000797600000)
  from space 5120K, 99% used [0x0000000797600000,0x0000000797afb450,0x0000000797b00000)
  to   space 5120K, 0% used [0x0000000798700000,0x0000000798700000,0x0000000798c00000)
 ParOldGen       total 69120K, used 15307K [0x0000000740000000, 0x0000000744380000, 0x0000000795580000)
  object space 69120K, 22% used [0x0000000740000000,0x0000000740ef2cd8,0x0000000744380000)
 Metaspace       used 24233K, capacity 24681K, committed 24880K, reserved 1071104K
  class space    used 2455K, capacity 2587K, committed 2608K, reserved 1048576K
GC Heap History (8 events):
Event: 2.777 GC heap before
{Heap before GC invocations=1 (full 0):
 PSYoungGen      total 38400K, used 33280K [0x0000000795580000, 0x0000000798000000, 0x00000007c0000000)
  eden space 33280K, 100% used [0x0000000795580000,0x0000000797600000,0x0000000797600000)
  from space 5120K, 0% used [0x0000000797b00000,0x0000000797b00000,0x0000000798000000)
  to   space 5120K, 0% used [0x0000000797600000,0x0000000797600000,0x0000000797b00000)
 ParOldGen       total 87552K, used 0K [0x0000000740000000, 0x0000000745580000, 0x0000000795580000)
  object space 87552K, 0% used [0x0000000740000000,0x0000000740000000,0x0000000745580000)
 Metaspace       used 16290K, capacity 16621K, committed 16768K, reserved 1064960K
  class space    used 1694K, capacity 1793K, committed 1920K, reserved 1048576K
Event: 2.784 GC heap after
Heap after GC invocations=1 (full 0):
 PSYoungGen      total 38400K, used 5051K [0x0000000795580000, 0x0000000798000000, 0x00000007c0000000)
  eden space 33280K, 0% used [0x0000000795580000,0x0000000795580000,0x0000000797600000)
  from space 5120K, 98% used [0x0000000797600000,0x0000000797aeecb8,0x0000000797b00000)
  to   space 5120K, 0% used [0x0000000797b00000,0x0000000797b00000,0x0000000798000000)
 ParOldGen       total 87552K, used 16K [0x0000000740000000, 0x0000000745580000, 0x0000000795580000)
  object space 87552K, 0% used [0x0000000740000000,0x0000000740004000,0x0000000745580000)
 Metaspace       used 16290K, capacity 16621K, committed 16768K, reserved 1064960K
  class space    used 1694K, capacity 1793K, committed 1920K, reserved 1048576K
}
Event: 4.573 GC heap before
{Heap before GC invocations=2 (full 0):
 PSYoungGen      total 38400K, used 37416K [0x0000000795580000, 0x0000000798000000, 0x00000007c0000000)
  eden space 33280K, 97% used [0x0000000795580000,0x000000079751b3f0,0x0000000797600000)
  from space 5120K, 98% used [0x0000000797600000,0x0000000797aeecb8,0x0000000797b00000)
  to   space 5120K, 0% used [0x0000000797b00000,0x0000000797b00000,0x0000000798000000)
 ParOldGen       total 87552K, used 16K [0x0000000740000000, 0x0000000745580000, 0x0000000795580000)
  object space 87552K, 0% used [0x0000000740000000,0x0000000740004000,0x0000000745580000)
 Metaspace       used 20831K, capacity 21255K, committed 21296K, reserved 1069056K
  class space    used 2182K, capacity 2326K, committed 2352K, reserved 1048576K
Event: 4.584 GC heap after
Heap after GC invocations=2 (full 0):
 PSYoungGen      total 38400K, used 5106K [0x0000000795580000, 0x0000000798000000, 0x00000007c0000000)
  eden space 33280K, 0% used [0x0000000795580000,0x0000000795580000,0x0000000797600000)
  from space 5120K, 99% used [0x0000000797b00000,0x0000000797ffcbf0,0x0000000798000000)
  to   space 5120K, 0% used [0x0000000797600000,0x0000000797600000,0x0000000797b00000)
 ParOldGen       total 87552K, used 3149K [0x0000000740000000, 0x0000000745580000, 0x0000000795580000)
  object space 87552K, 3% used [0x0000000740000000,0x00000007403136a8,0x0000000745580000)
 Metaspace       used 20831K, capacity 21255K, committed 21296K, reserved 1069056K
  class space    used 2182K, capacity 2326K, committed 2352K, reserved 1048576K
}
Event: 4.584 GC heap before
{Heap before GC invocations=3 (full 1):
 PSYoungGen      total 38400K, used 5106K [0x0000000795580000, 0x0000000798000000, 0x00000007c0000000)
  eden space 33280K, 0% used [0x0000000795580000,0x0000000795580000,0x0000000797600000)
  from space 5120K, 99% used [0x0000000797b00000,0x0000000797ffcbf0,0x0000000798000000)
  to   space 5120K, 0% used [0x0000000797600000,0x0000000797600000,0x0000000797b00000)
 ParOldGen       total 87552K, used 3149K [0x0000000740000000, 0x0000000745580000, 0x0000000795580000)
  object space 87552K, 3% used [0x0000000740000000,0x00000007403136a8,0x0000000745580000)
 Metaspace       used 20831K, capacity 21255K, committed 21296K, reserved 1069056K
  class space    used 2182K, capacity 2326K, committed 2352K, reserved 1048576K
Event: 4.629 GC heap after
Heap after GC invocations=3 (full 1):
 PSYoungGen      total 38400K, used 0K [0x0000000795580000, 0x0000000798000000, 0x00000007c0000000)
  eden space 33280K, 0% used [0x0000000795580000,0x0000000795580000,0x0000000797600000)
  from space 5120K, 0% used [0x0000000797b00000,0x0000000797b00000,0x0000000798000000)
  to   space 5120K, 0% used [0x0000000797600000,0x0000000797600000,0x0000000797b00000)
 ParOldGen       total 69120K, used 8134K [0x0000000740000000, 0x0000000744380000, 0x0000000795580000)
  object space 69120K, 11% used [0x0000000740000000,0x00000007407f1a38,0x0000000744380000)
 Metaspace       used 20831K, capacity 21255K, committed 21296K, reserved 1069056K
  class space    used 2182K, capacity 2326K, committed 2352K, reserved 1048576K
}
Event: 6.359 GC heap before
{Heap before GC invocations=4 (full 1):
 PSYoungGen      total 38400K, used 33043K [0x0000000795580000, 0x0000000798000000, 0x00000007c0000000)
  eden space 33280K, 99% used [0x0000000795580000,0x00000007975c4c30,0x0000000797600000)
  from space 5120K, 0% used [0x0000000797b00000,0x0000000797b00000,0x0000000798000000)
  to   space 5120K, 0% used [0x0000000797600000,0x0000000797600000,0x0000000797b00000)
 ParOldGen       total 69120K, used 8134K [0x0000000740000000, 0x0000000744380000, 0x0000000795580000)
  object space 69120K, 11% used [0x0000000740000000,0x00000007407f1a38,0x0000000744380000)
 Metaspace       used 23740K, capacity 24121K, committed 24368K, reserved 1071104K
  class space    used 2446K, capacity 2553K, committed 2608K, reserved 1048576K
Event: 6.373 GC heap after
Heap after GC invocations=4 (full 1):
 PSYoungGen      total 38400K, used 5101K [0x0000000795580000, 0x0000000798c00000, 0x00000007c0000000)
  eden space 33280K, 0% used [0x0000000795580000,0x0000000795580000,0x0000000797600000)
  from space 5120K, 99% used [0x0000000797600000,0x0000000797afb450,0x0000000797b00000)
  to   space 5120K, 0% used [0x0000000798700000,0x0000000798700000,0x0000000798c00000)
 ParOldGen       total 69120K, used 15307K [0x0000000740000000, 0x0000000744380000, 0x0000000795580000)
  object space 69120K, 22% used [0x0000000740000000,0x0000000740ef2cd8,0x0000000744380000)
 Metaspace       used 23740K, capacity 24121K, committed 24368K, reserved 1071104K
  class space    used 2446K, capacity 2553K, committed 2608K, reserved 1048576K
}

